c:\users\ongjo\source\repos\3dgc\nyp_framework_week15_solution\nyp_framework_week15_solution\app\debug\vc142.pdb
c:\users\ongjo\source\repos\3dgc\nyp_framework_week15_solution\nyp_framework_week15_solution\app\debug\vc142.idb
c:\users\ongjo\source\repos\3dgc\nyp_framework_week15_solution\nyp_framework_week15_solution\app\debug\camera.obj
c:\users\ongjo\source\repos\3dgc\nyp_framework_week15_solution\nyp_framework_week15_solution\app\debug\fsm.obj
c:\users\ongjo\source\repos\3dgc\nyp_framework_week15_solution\nyp_framework_week15_solution\app\debug\scene2d.obj
c:\users\ongjo\source\repos\3dgc\nyp_framework_week15_solution\nyp_framework_week15_solution\app\debug\player2d.obj
c:\users\ongjo\source\repos\3dgc\nyp_framework_week15_solution\nyp_framework_week15_solution\app\debug\physics2d.obj
c:\users\ongjo\source\repos\3dgc\nyp_framework_week15_solution\nyp_framework_week15_solution\app\debug\map2d.obj
c:\users\ongjo\source\repos\3dgc\nyp_framework_week15_solution\nyp_framework_week15_solution\app\debug\inventorymanager.obj
c:\users\ongjo\source\repos\3dgc\nyp_framework_week15_solution\nyp_framework_week15_solution\app\debug\inventoryitem.obj
c:\users\ongjo\source\repos\3dgc\nyp_framework_week15_solution\nyp_framework_week15_solution\app\debug\gui_scene2d.obj
c:\users\ongjo\source\repos\3dgc\nyp_framework_week15_solution\nyp_framework_week15_solution\app\debug\gamemanager.obj
c:\users\ongjo\source\repos\3dgc\nyp_framework_week15_solution\nyp_framework_week15_solution\app\debug\enemy2d.obj
c:\users\ongjo\source\repos\3dgc\nyp_framework_week15_solution\nyp_framework_week15_solution\app\debug\backgroundentity.obj
c:\users\ongjo\source\repos\3dgc\nyp_framework_week15_solution\nyp_framework_week15_solution\app\debug\main.obj
c:\users\ongjo\source\repos\3dgc\nyp_framework_week15_solution\nyp_framework_week15_solution\app\debug\playgamestate.obj
c:\users\ongjo\source\repos\3dgc\nyp_framework_week15_solution\nyp_framework_week15_solution\app\debug\play3dgamestate.obj
c:\users\ongjo\source\repos\3dgc\nyp_framework_week15_solution\nyp_framework_week15_solution\app\debug\pausestate.obj
c:\users\ongjo\source\repos\3dgc\nyp_framework_week15_solution\nyp_framework_week15_solution\app\debug\menustate.obj
c:\users\ongjo\source\repos\3dgc\nyp_framework_week15_solution\nyp_framework_week15_solution\app\debug\introstate.obj
c:\users\ongjo\source\repos\3dgc\nyp_framework_week15_solution\nyp_framework_week15_solution\app\debug\gamestatemanager.obj
c:\users\ongjo\source\repos\3dgc\nyp_framework_week15_solution\nyp_framework_week15_solution\app\debug\application.obj
c:\users\ongjo\source\repos\3dgc\nyp_framework_week15_solution\nyp_framework_week15_solution\app\debug\scenenode.obj
c:\users\ongjo\source\repos\3dgc\nyp_framework_week15_solution\nyp_framework_week15_solution\app\debug\scene3d.obj
c:\users\ongjo\source\repos\3dgc\nyp_framework_week15_solution\nyp_framework_week15_solution\app\debug\physics3d.obj
c:\users\ongjo\source\repos\3dgc\nyp_framework_week15_solution\nyp_framework_week15_solution\app\debug\minimap.obj
c:\users\ongjo\source\repos\3dgc\nyp_framework_week15_solution\nyp_framework_week15_solution\app\debug\gui_scene3d.obj
c:\users\ongjo\source\repos\3dgc\nyp_framework_week15_solution\nyp_framework_week15_solution\app\debug\treekabak3d.obj
c:\users\ongjo\source\repos\3dgc\nyp_framework_week15_solution\nyp_framework_week15_solution\app\debug\structure3d.obj
c:\users\ongjo\source\repos\3dgc\nyp_framework_week15_solution\nyp_framework_week15_solution\app\debug\solidobjectmanager.obj
c:\users\ongjo\source\repos\3dgc\nyp_framework_week15_solution\nyp_framework_week15_solution\app\debug\solidobject.obj
c:\users\ongjo\source\repos\3dgc\nyp_framework_week15_solution\nyp_framework_week15_solution\app\debug\rock3d.obj
c:\users\ongjo\source\repos\3dgc\nyp_framework_week15_solution\nyp_framework_week15_solution\app\debug\player3d.obj
c:\users\ongjo\source\repos\3dgc\nyp_framework_week15_solution\nyp_framework_week15_solution\app\debug\hut_concrete.obj
c:\users\ongjo\source\repos\3dgc\nyp_framework_week15_solution\nyp_framework_week15_solution\app\debug\entitymanager.obj
c:\users\ongjo\source\repos\3dgc\nyp_framework_week15_solution\nyp_framework_week15_solution\app\debug\enemy3d.obj
c:\users\ongjo\source\repos\3dgc\nyp_framework_week15_solution\nyp_framework_week15_solution\app\debug\scopescreen.obj
c:\users\ongjo\source\repos\3dgc\nyp_framework_week15_solution\nyp_framework_week15_solution\app\debug\crosshair.obj
c:\users\ongjo\source\repos\3dgc\nyp_framework_week15_solution\nyp_framework_week15_solution\app\debug\camerashake.obj
c:\users\ongjo\source\repos\3dgc\nyp_framework_week15_solution\nyp_framework_week15_solution\app\debug\cameraeffectsmanager.obj
c:\users\ongjo\source\repos\3dgc\nyp_framework_week15_solution\nyp_framework_week15_solution\app\debug\cameraeffects.obj
c:\users\ongjo\source\repos\3dgc\nyp_framework_week15_solution\nyp_framework_week15_solution\app\debug\bloodscreen.obj
c:\users\ongjo\source\repos\3dgc\nyp_framework_week15_solution\nyp_framework_week15_solution\app\debug\soundinfo.obj
c:\users\ongjo\source\repos\3dgc\nyp_framework_week15_solution\nyp_framework_week15_solution\app\debug\soundcontroller.obj
c:\users\ongjo\source\repos\3dgc\nyp_framework_week15_solution\nyp_framework_week15_solution\app\debug\weaponinfo.obj
c:\users\ongjo\source\repos\3dgc\nyp_framework_week15_solution\nyp_framework_week15_solution\app\debug\projectilemanager.obj
c:\users\ongjo\source\repos\3dgc\nyp_framework_week15_solution\nyp_framework_week15_solution\app\debug\projectile.obj
c:\users\ongjo\source\repos\3dgc\nyp_framework_week15_solution\nyp_framework_week15_solution\app\debug\pistol.obj
c:\users\ongjo\source\repos\3dgc\nyp_framework_week15_solution\nyp_framework_week15_solution\app\debug\waypointmanager.obj
c:\users\ongjo\source\repos\3dgc\nyp_framework_week15_solution\nyp_framework_week15_solution\app\debug\waypoint.obj
c:\users\ongjo\source\repos\3dgc\nyp_framework_week15_solution\nyp_framework_week15_solution\app\debug\vertexbufferobject.obj
c:\users\ongjo\source\repos\3dgc\nyp_framework_week15_solution\nyp_framework_week15_solution\app\debug\texture.obj
c:\users\ongjo\source\repos\3dgc\nyp_framework_week15_solution\nyp_framework_week15_solution\app\debug\terrain.obj
c:\users\ongjo\source\repos\3dgc\nyp_framework_week15_solution\nyp_framework_week15_solution\app\debug\skybox.obj
c:\users\ongjo\source\repos\3dgc\nyp_framework_week15_solution\nyp_framework_week15_solution\app\debug\spintower.obj
c:\users\ongjo\source\repos\3dgc\nyp_framework_week15_solution\nyp_framework_week15_solution\app\debug\shotgun.obj
c:\users\ongjo\source\repos\3dgc\nyp_framework_week15_solution\nyp_framework_week15_solution\app\debug\hitmarker.obj
c:\users\ongjo\source\repos\3dgc\nyp_framework_week15_solution\nyp_framework_week15_solution\app\debug\crosshairshotgun.obj
c:\users\ongjo\source\repos\3dgc\nyp_framework_week15_solution\nyp_framework_week15_solution\app\debug\assault.obj
c:\users\ongjo\source\repos\3dgc\nyp_framework_week15_solution\nyp_framework_week15_solution\app\debug\rpg.obj
c:\users\ongjo\source\repos\3dgc\nyp_framework_week15_solution\nyp_framework_week15_solution\app\debug\explosion.obj
c:\users\ongjo\source\repos\3dgc\nyp_framework_week15_solution\nyp_framework_week15_solution\app\debug\winstate.obj
c:\users\ongjo\source\repos\3dgc\nyp_framework_week15_solution\nyp_framework_week15_solution\app\debug\overstate.obj
c:\users\ongjo\source\repos\3dgc\nyp_framework_week15_solution\nyp_framework_week15_solution\app\debug\sniper.obj
c:\users\ongjo\source\repos\3dgc\nyp_framework_week15_solution\nyp_framework_week15_solution\app\debug\compass.obj
c:\users\ongjo\source\repos\3dgc\nyp_framework_week15_solution\nyp_framework_week15_solution\app\debug\pine.obj
c:\users\ongjo\source\repos\3dgc\nyp_framework_week15_solution\nyp_framework_week15_solution\app\debug\maple.obj
c:\users\ongjo\source\repos\3dgc\nyp_framework_week15_solution\nyp_framework_week15_solution\app\debug\helicopter.obj
c:\users\ongjo\source\repos\3dgc\nyp_framework_week15_solution\nyp_framework_week15_solution\app\debug\planet.obj
c:\users\ongjo\source\repos\3dgc\nyp_framework_week15_solution\nyp_framework_week15_solution\app\debug\tank.obj
c:\users\ongjo\source\repos\3dgc\nyp_framework_week15_solution\nyp_framework_week15_solution\app\debug\torii.obj
c:\users\ongjo\source\repos\3dgc\nyp_framework_week15_solution\nyp_framework_week15_solution\app\debug\toro.obj
c:\users\ongjo\source\repos\3dgc\nyp_framework_week15_solution\nyp_framework_week15_solution\app\debug\padoga.obj
c:\users\ongjo\source\repos\3dgc\nyp_framework_week15_solution\nyp_framework_week15_solution\app\debug\shrine.obj
c:\users\ongjo\source\repos\3dgc\nyp_framework_week15_solution\nyp_framework_week15_solution\app\debug\lion.obj
c:\users\ongjo\source\repos\3dgc\nyp_framework_week15_solution\nyp_framework_week15_solution\debug\app.exe
c:\users\ongjo\source\repos\3dgc\nyp_framework_week15_solution\nyp_framework_week15_solution\app\debug\app.ilk
c:\users\ongjo\source\repos\3dgc\nyp_framework_week15_solution\nyp_framework_week15_solution\debug\app.pdb
c:\users\ongjo\source\repos\3dgc\nyp_framework_week15_solution\nyp_framework_week15_solution\app\debug\app.tlog\cl.command.1.tlog
c:\users\ongjo\source\repos\3dgc\nyp_framework_week15_solution\nyp_framework_week15_solution\app\debug\app.tlog\cl.read.1.tlog
c:\users\ongjo\source\repos\3dgc\nyp_framework_week15_solution\nyp_framework_week15_solution\app\debug\app.tlog\cl.write.1.tlog
c:\users\ongjo\source\repos\3dgc\nyp_framework_week15_solution\nyp_framework_week15_solution\app\debug\app.tlog\link.command.1.tlog
c:\users\ongjo\source\repos\3dgc\nyp_framework_week15_solution\nyp_framework_week15_solution\app\debug\app.tlog\link.read.1.tlog
c:\users\ongjo\source\repos\3dgc\nyp_framework_week15_solution\nyp_framework_week15_solution\app\debug\app.tlog\link.write.1.tlog
